<?xml version="1.0" encoding="UTF-8"?>
<!-- Generated by org.testng.reporters.JUnitReportReporter -->
<testsuite hostname="Nakul" name="com.selenium.grid.GridExampleTest2" tests="1" failures="0" timestamp="14 Sep 2019 12:39:01 GMT" time="8.608" errors="0">
  <testcase name="testGooglePageTitleInIEBrowser" time="8.608" classname="com.selenium.grid.GridExampleTest2"/>
</testsuite> <!-- com.selenium.grid.GridExampleTest2 -->
