<?xml version="1.0" encoding="UTF-8"?>
<!-- Generated by org.testng.reporters.JUnitReportReporter -->
<testsuite hostname="Nakul" name="com.selenium.grid.GridExampleTest1" tests="1" failures="0" timestamp="14 Sep 2019 13:05:12 GMT" time="7.965" errors="0">
  <testcase name="testGooglePageTitleInIEBrowser" time="7.965" classname="com.selenium.grid.GridExampleTest1"/>
</testsuite> <!-- com.selenium.grid.GridExampleTest1 -->
